[00:24:38] [main/INFO]: Loading for game Minecraft 1.14.3
[00:24:38] [ForkJoinPool-1-worker-3/WARN]: Mod ID crawl uses outdated schema version: 0 < 1
[00:24:38] [main/INFO]: [FabricLoader] Loading 28 mods: fabric-networking-blockentity-v0@0.1.1+25fd0c52, fabric-renderer-api-v1@0.1.0+02a46d5b, fabric-keybindings-v0@0.1.1+7dfef87c, fabricloader@0.4.8+build.155, fabric-renderer-indigo@0.1.7+029ec62e, crawl@0.5.7, fabric-containers-v0@0.1.2+25fd0c52, fabric-biomes-v1@0.1.0+896c7fbb, fabric-events-interaction-v0@0.1.0+59147463, fabric-crash-report-info-v1@0.1.0+59147463, fabric-api-base@0.1.0+59147463, fabric-rendering-v0@0.1.1+6dad974e, fabric-rendering-data-attachment-v1@0.1.0+02a46d5b, fabric-resource-loader-v0@0.1.1+59147463, fabric-textures-v0@0.1.4+792c1c35, fabric-content-registries-v0@0.1.1+05f11b75, fabric-tag-extensions-v0@0.1.1+c189dc5c, fabric-rendering-fluids-v1@0.1.0+dc4c57c2, fabric-registry-sync-v0@0.2.2+f0d56800, fabric-commands-v0@0.1.1+25fd0c52, fabric-mining-levels-v0@0.1.0+bdffbb2c, fabric-loot-tables-v1@0.1.0+43028fa6, fabric-events-lifecycle-v0@0.1.0+59147463, fabric@0.3.0+build.188, fabric-models-v0@0.1.0+59147463, fabric-item-groups-v0@0.1.0+f0d56800, fabric-networking-v0@0.1.2+200eb5c2, fabric-object-builders-v0@0.1.1+39ff57de
[00:24:38] [main/INFO]: SpongePowered MIXIN Subsystem Version=0.7.11 Source=file:/C:/Users/supfo/.gradle/caches/modules-2/files-2.1/net.fabricmc/sponge-mixin/0.7.11.36/b0d9944f2b77f1ce952a1179e595037332910a82/sponge-mixin-0.7.11.36.jar Service=Knot/Fabric Env=CLIENT
[00:24:39] [main/INFO]: Loaded Fabric development mappings for mixin remapper!
[00:24:39] [main/INFO]: Compatibility level set to JAVA_8
[00:24:39] [main/WARN]: Mixin config fabric-networking-v0.mixins.json does not specify "minVersion" property
[00:24:39] [main/WARN]: Mixin config fabric-networking-blockentity-v0.mixins.json does not specify "minVersion" property
[00:24:39] [main/WARN]: Mixin config fabric-biomes-v1.mixins.json does not specify "minVersion" property
[00:24:39] [main/WARN]: Mixin config fabric-mining-levels-v0.mixins.json does not specify "minVersion" property
[00:24:39] [main/WARN]: Mixin config fabric-containers-v0.mixins.json does not specify "minVersion" property
[00:24:39] [main/WARN]: Mixin config fabric-renderer-indigo.mixins.json does not specify "minVersion" property
[00:24:39] [main/WARN]: Mixin config fabric-rendering-data-attachment-v1.mixins.json does not specify "minVersion" property
[00:24:39] [main/WARN]: Mixin config fabric-events-interaction-v0.mixins.json does not specify "minVersion" property
[00:24:39] [main/WARN]: Mixin config fabric-loot-tables-v1.mixins.json does not specify "minVersion" property
[00:24:39] [main/WARN]: Mixin config fabric-textures-v0.mixins.json does not specify "minVersion" property
[00:24:39] [main/WARN]: Mixin config fabric-registry-sync-v0.mixins.json does not specify "minVersion" property
[00:24:39] [main/WARN]: Mixin config fabric-models-v0.mixins.json does not specify "minVersion" property
[00:24:39] [main/WARN]: Mixin config fabric-keybindings-v0.mixins.json does not specify "minVersion" property
[00:24:39] [main/WARN]: Mixin config fabric-renderer-api-v1.debughud.mixins.json does not specify "minVersion" property
[00:24:39] [main/WARN]: Mixin config fabric-containers-v0.accurate.mixins.json does not specify "minVersion" property
[00:24:39] [main/WARN]: Mixin config fabric-events-lifecycle-v0.mixins.json does not specify "minVersion" property
[00:24:39] [main/WARN]: Mixin config fabric-rendering-fluids-v1.mixins.json does not specify "minVersion" property
[00:24:39] [main/WARN]: Mixin config fabric-resource-loader-v0.mixins.json does not specify "minVersion" property
[00:24:39] [main/WARN]: Mixin config fabric-rendering-v0.mixins.json does not specify "minVersion" property
[00:24:39] [main/WARN]: Mixin config fabric-object-builders-v0.mixins.json does not specify "minVersion" property
[00:24:39] [main/WARN]: Mixin config fabric-tag-extensions-v0.mixins.json does not specify "minVersion" property
[00:24:39] [main/WARN]: Mixin config fabric-item-groups-v0.mixins.json does not specify "minVersion" property
[00:24:39] [main/WARN]: Mixin config fabric-content-registries-v0.mixins.json does not specify "minVersion" property
[00:24:39] [main/WARN]: Mixin config fabric-crash-report-info-v1.mixins.json does not specify "minVersion" property
[00:24:39] [main/WARN]: Mixin config fabric-commands-v0.mixins.json does not specify "minVersion" property
[00:24:39] [main/WARN]: Mixin config fabric-renderer-api-v1.mixins.json does not specify "minVersion" property
[00:24:39] [main/INFO]: Remapping refMap fabric-networking-v0-refmap.json using remapper chain
[00:24:39] [main/INFO]: Remapping refMap fabric-networking-blockentity-v0-refmap.json using remapper chain
[00:24:39] [main/INFO]: Remapping refMap fabric-biomes-v1-refmap.json using remapper chain
[00:24:39] [main/INFO]: Remapping refMap fabric-mining-levels-v0-refmap.json using remapper chain
[00:24:39] [main/INFO]: Remapping refMap fabric-containers-v0-refmap.json using remapper chain
[00:24:39] [main/INFO]: Remapping refMap fabric-renderer-indigo-refmap.json using remapper chain
[00:24:39] [main/INFO]: Remapping refMap fabric-rendering-data-attachment-v1-refmap.json using remapper chain
[00:24:39] [main/INFO]: Remapping refMap fabric-events-interaction-v0-refmap.json using remapper chain
[00:24:39] [main/INFO]: Remapping refMap fabric-loot-tables-v1-refmap.json using remapper chain
[00:24:39] [main/INFO]: Remapping refMap fabric-textures-v0-refmap.json using remapper chain
[00:24:39] [main/INFO]: Remapping refMap fabric-registry-sync-v0-refmap.json using remapper chain
[00:24:39] [main/INFO]: Remapping refMap fabric-models-v0-refmap.json using remapper chain
[00:24:39] [main/INFO]: Remapping refMap fabric-keybindings-v0-refmap.json using remapper chain
[00:24:39] [main/INFO]: Remapping refMap fabric-renderer-api-v1-refmap.json using remapper chain
[00:24:39] [main/INFO]: Remapping refMap fabric-containers-v0-refmap.json using remapper chain
[00:24:39] [main/INFO]: Remapping refMap fabric-events-lifecycle-v0-refmap.json using remapper chain
[00:24:39] [main/INFO]: Remapping refMap fabric-rendering-fluids-v1-refmap.json using remapper chain
[00:24:39] [main/INFO]: Remapping refMap fabric-resource-loader-v0-refmap.json using remapper chain
[00:24:39] [main/INFO]: Remapping refMap fabric-rendering-v0-refmap.json using remapper chain
[00:24:39] [main/INFO]: Remapping refMap fabric-object-builders-v0-refmap.json using remapper chain
[00:24:39] [main/INFO]: Remapping refMap fabric-tag-extensions-v0-refmap.json using remapper chain
[00:24:39] [main/INFO]: Remapping refMap fabric-item-groups-v0-refmap.json using remapper chain
[00:24:39] [main/INFO]: Remapping refMap fabric-content-registries-v0-refmap.json using remapper chain
[00:24:39] [main/INFO]: Remapping refMap fabric-crash-report-info-v1-refmap.json using remapper chain
[00:24:39] [main/INFO]: Remapping refMap fabric-commands-v0-refmap.json using remapper chain
[00:24:39] [main/INFO]: Remapping refMap fabric-renderer-api-v1-refmap.json using remapper chain
[00:24:39] [main/INFO]: Setting user: Player492
[00:24:42] [main/INFO]: [Indigo] Registering Indigo renderer!
[00:24:42] [main/INFO]: LWJGL Version: 3.2.2 build 10
[00:24:46] [main/WARN]: ERROR : Couldn't load Narrator library : Unable to load library 'SAPIWrapper_x64': Can't obtain InputStream for win32-x86-64/SAPIWrapper_x64.dll
ERROR : Couldn't load Narrator library : Unable to load library 'SAPIWrapper_x86': Can't obtain InputStream for win32-x86-64/SAPIWrapper_x86.dll

[00:24:46] [main/INFO]: Built for minecraft version 1.14.3
[00:24:49] [Realms Notification Availability checker #1/INFO]: Could not authorize you against Realms server: Invalid session id
[00:24:49] [main/INFO]: OpenAL initialized.
[00:24:49] [main/INFO]: Sound engine started
[00:24:49] [main/INFO]: Created: 1024x512 textures-atlas
[00:24:49] [main/INFO]: Created: 256x256 textures/particle-atlas
[00:24:49] [main/INFO]: Created: 256x256 textures/painting-atlas
[00:24:49] [main/INFO]: Created: 256x128 textures/mob_effect-atlas
[00:25:02] [main/INFO]: Built for minecraft version 1.14.3
[00:25:03] [main/WARN]: Ambiguity between arguments [teleport, destination] and [teleport, targets] with inputs: [Player, 0123, @e, dd12be42-52a9-4a91-a8a1-11c01849e498]
[00:25:03] [main/WARN]: Ambiguity between arguments [teleport, location] and [teleport, destination] with inputs: [0.1 -0.5 .9, 0 0 0]
[00:25:03] [main/WARN]: Ambiguity between arguments [teleport, location] and [teleport, targets] with inputs: [0.1 -0.5 .9, 0 0 0]
[00:25:03] [main/WARN]: Ambiguity between arguments [teleport, targets] and [teleport, destination] with inputs: [Player, 0123, dd12be42-52a9-4a91-a8a1-11c01849e498]
[00:25:03] [main/WARN]: Ambiguity between arguments [teleport, targets, location] and [teleport, targets, destination] with inputs: [0.1 -0.5 .9, 0 0 0]
[00:25:03] [Server thread/INFO]: Starting integrated minecraft server version 1.14.3
[00:25:03] [Server thread/INFO]: Generating keypair
[00:25:03] [Server thread/INFO]: [fabric-registry-sync] Loaded registry data [file 1/4]
[00:25:03] [Server thread/INFO]: Found new data pack fabric/fabric-mining-levels-v0, loading it automatically
[00:25:03] [Server thread/INFO]: Found new data pack vanilla, loading it automatically
[00:25:03] [Server thread/INFO]: Reloading ResourceManager: Default, fabric-mining-levels-v0
[00:25:03] [Server thread/INFO]: Loaded 6 recipes
[00:25:03] [Server thread/INFO]: Loaded 811 advancements
[00:25:06] [Server thread/INFO]: Preparing start region for dimension minecraft:overworld
[00:25:06] [main/INFO]: Preparing spawn area: 0%
[00:25:06] [main/INFO]: Preparing spawn area: 0%
[00:25:07] [main/INFO]: Preparing spawn area: 1%
[00:25:07] [main/INFO]: Preparing spawn area: 3%
[00:25:08] [main/INFO]: Preparing spawn area: 5%
[00:25:08] [main/INFO]: Preparing spawn area: 11%
[00:25:09] [main/INFO]: Preparing spawn area: 11%
[00:25:09] [main/INFO]: Preparing spawn area: 17%
[00:25:10] [main/INFO]: Preparing spawn area: 21%
[00:25:10] [main/INFO]: Preparing spawn area: 23%
[00:25:11] [main/INFO]: Preparing spawn area: 27%
[00:25:11] [main/INFO]: Preparing spawn area: 32%
[00:25:12] [main/INFO]: Preparing spawn area: 35%
[00:25:12] [main/INFO]: Preparing spawn area: 40%
[00:25:13] [main/INFO]: Preparing spawn area: 44%
[00:25:14] [main/INFO]: Preparing spawn area: 48%
[00:25:14] [main/INFO]: Preparing spawn area: 52%
[00:25:14] [main/INFO]: Preparing spawn area: 58%
[00:25:15] [main/INFO]: Preparing spawn area: 61%
[00:25:16] [main/INFO]: Preparing spawn area: 66%
[00:25:16] [main/INFO]: Preparing spawn area: 72%
[00:25:17] [main/INFO]: Preparing spawn area: 76%
[00:25:17] [main/INFO]: Preparing spawn area: 83%
[00:25:17] [main/INFO]: Preparing spawn area: 88%
[00:25:18] [main/INFO]: Preparing spawn area: 94%
[00:25:18] [main/INFO]: Time elapsed: 12400 ms
[00:25:20] [Server thread/INFO]: Player492[local:E:0aed9954] logged in with entity id 301 at (-12.5, 70.0, 181.5)
[00:25:20] [Server thread/INFO]: Player492 joined the game
[00:25:21] [Server thread/INFO]: Saving and pausing game...
[00:25:21] [Server thread/INFO]: Saving chunks for level 'New World'/minecraft:overworld
[00:25:21] [main/INFO]: Loaded 0 advancements
[00:25:23] [Server thread/INFO]: Saving chunks for level 'New World'/minecraft:the_nether
[00:25:23] [Server thread/INFO]: Saving chunks for level 'New World'/minecraft:the_end
[00:25:23] [Server thread/WARN]: Can't keep up! Is the server overloaded? Running 2128ms or 42 ticks behind
[00:25:36] [Server thread/INFO]: Saving and pausing game...
[00:25:36] [Server thread/INFO]: Saving chunks for level 'New World'/minecraft:overworld
[00:25:37] [Server thread/INFO]: Saving chunks for level 'New World'/minecraft:the_nether
[00:25:37] [Server thread/INFO]: Saving chunks for level 'New World'/minecraft:the_end
[00:29:36] [Server thread/INFO]: Saving and pausing game...
[00:29:36] [Server thread/INFO]: Saving chunks for level 'New World'/minecraft:overworld
[00:29:36] [Server thread/INFO]: Saving chunks for level 'New World'/minecraft:the_nether
[00:29:36] [Server thread/INFO]: Saving chunks for level 'New World'/minecraft:the_end
[00:29:56] [Server thread/INFO]: Player492 lost connection: Disconnected
[00:29:56] [Server thread/INFO]: Player492 left the game
[00:29:56] [Server thread/INFO]: Stopping singleplayer server as player logged out
[00:29:56] [Server thread/INFO]: Stopping server
[00:29:56] [Server thread/INFO]: Saving players
[00:29:56] [Server thread/INFO]: Saving worlds
[00:29:56] [Server thread/INFO]: Saving chunks for level 'New World'/minecraft:overworld
[00:29:56] [Server thread/INFO]: ThreadedAnvilChunkStorage (New World): All chunks are saved
[00:29:56] [Server thread/INFO]: Saving chunks for level 'New World'/minecraft:the_nether
[00:29:56] [Server thread/INFO]: ThreadedAnvilChunkStorage (DIM-1): All chunks are saved
[00:29:56] [Server thread/INFO]: Saving chunks for level 'New World'/minecraft:the_end
[00:29:56] [Server thread/INFO]: ThreadedAnvilChunkStorage (DIM1): All chunks are saved
[00:29:56] [Server thread/INFO]: ThreadedAnvilChunkStorage (New World): All chunks are saved
[00:29:56] [Server thread/INFO]: ThreadedAnvilChunkStorage (DIM-1): All chunks are saved
[00:29:56] [Server thread/INFO]: ThreadedAnvilChunkStorage (DIM1): All chunks are saved
[00:29:57] [main/INFO]: Built for minecraft version 1.14.3
[00:29:58] [main/INFO]: Stopping!
